<?xml version="1.0" encoding="UTF-8"?>
<coverage generated="1598780697475" clover="3.2.0">
  <project timestamp="1598780697476" name="All files">
    <metrics statements="31" coveredstatements="4" conditionals="13" coveredconditionals="3" methods="9" coveredmethods="1" elements="53" coveredelements="8" complexity="0" loc="31" ncloc="31" packages="3" files="5" classes="5"/>
    <package name="pages">
      <metrics statements="18" coveredstatements="1" conditionals="4" coveredconditionals="0" methods="8" coveredmethods="0"/>
      <file name="NotFoundPage.js" path="/home/lasellers/dev/CSVUploader/src/pages/NotFoundPage.js">
        <metrics statements="2" coveredstatements="1" conditionals="0" coveredconditionals="0" methods="1" coveredmethods="0"/>
        <line num="3" count="1" type="stmt"/>
        <line num="4" count="0" type="stmt"/>
      </file>
      <file name="RemappingPreviewPage.js" path="/home/lasellers/dev/CSVUploader/src/pages/RemappingPreviewPage.js">
        <metrics statements="16" coveredstatements="0" conditionals="4" coveredconditionals="0" methods="7" coveredmethods="0"/>
        <line num="7" count="0" type="stmt"/>
        <line num="8" count="0" type="stmt"/>
        <line num="16" count="0" type="stmt"/>
        <line num="18" count="0" type="stmt"/>
        <line num="19" count="0" type="stmt"/>
        <line num="21" count="0" type="cond" truecount="0" falsecount="2"/>
        <line num="22" count="0" type="stmt"/>
        <line num="24" count="0" type="cond" truecount="0" falsecount="2"/>
        <line num="25" count="0" type="stmt"/>
        <line num="29" count="0" type="stmt"/>
        <line num="31" count="0" type="stmt"/>
        <line num="33" count="0" type="stmt"/>
        <line num="40" count="0" type="stmt"/>
        <line num="48" count="0" type="stmt"/>
        <line num="54" count="0" type="stmt"/>
        <line num="56" count="0" type="stmt"/>
      </file>
    </package>
    <package name="redux">
      <metrics statements="0" coveredstatements="0" conditionals="2" coveredconditionals="1" methods="0" coveredmethods="0"/>
      <file name="store.js" path="/home/lasellers/dev/CSVUploader/src/redux/store.js">
        <metrics statements="0" coveredstatements="0" conditionals="2" coveredconditionals="1" methods="0" coveredmethods="0"/>
      </file>
    </package>
    <package name="redux.reducers">
      <metrics statements="13" coveredstatements="3" conditionals="7" coveredconditionals="2" methods="1" coveredmethods="1"/>
      <file name="csv.js" path="/home/lasellers/dev/CSVUploader/src/redux/reducers/csv.js">
        <metrics statements="13" coveredstatements="3" conditionals="7" coveredconditionals="2" methods="1" coveredmethods="1"/>
        <line num="1" count="1" type="stmt"/>
        <line num="16" count="3" type="cond" truecount="1" falsecount="5"/>
        <line num="18" count="0" type="stmt"/>
        <line num="19" count="0" type="stmt"/>
        <line num="25" count="0" type="stmt"/>
        <line num="26" count="0" type="stmt"/>
        <line num="32" count="0" type="stmt"/>
        <line num="33" count="0" type="stmt"/>
        <line num="39" count="0" type="stmt"/>
        <line num="40" count="0" type="stmt"/>
        <line num="46" count="0" type="stmt"/>
        <line num="47" count="0" type="stmt"/>
        <line num="53" count="3" type="stmt"/>
      </file>
      <file name="index.js" path="/home/lasellers/dev/CSVUploader/src/redux/reducers/index.js">
        <metrics statements="0" coveredstatements="0" conditionals="0" coveredconditionals="0" methods="0" coveredmethods="0"/>
      </file>
    </package>
  </project>
</coverage>
