{"/home/lasellers/dev/CSVUploader/src/pages/NotFoundPage.js": {"path":"/home/lasellers/dev/CSVUploader/src/pages/NotFoundPage.js","statementMap":{"0":{"start":{"line":3,"column":21},"end":{"line":5,"column":1}},"1":{"start":{"line":4,"column":4},"end":{"line":4,"column":32}}},"fnMap":{"0":{"name":"(anonymous_0)","decl":{"start":{"line":3,"column":21},"end":{"line":3,"column":22}},"loc":{"start":{"line":4,"column":4},"end":{"line":4,"column":32}},"line":4}},"branchMap":{},"s":{"0":1,"1":0},"f":{"0":0},"b":{},"_coverageSchema":"43e27e138ebf9cfc5966b082cf9a028302ed4184","hash":"ccdf770d03dbc8196b166951a3e49bcb22b8ea06"}
,"/home/lasellers/dev/CSVUploader/src/pages/RemappingPreviewPage.js": {"path":"/home/lasellers/dev/CSVUploader/src/pages/RemappingPreviewPage.js","statementMap":{"0":{"start":{"line":7,"column":8},"end":{"line":7,"column":21}},"1":{"start":{"line":8,"column":8},"end":{"line":12,"column":10}},"2":{"start":{"line":16,"column":40},"end":{"line":16,"column":50}},"3":{"start":{"line":18,"column":24},"end":{"line":18,"column":57}},"4":{"start":{"line":19,"column":21},"end":{"line":19,"column":59}},"5":{"start":{"line":21,"column":8},"end":{"line":23,"column":9}},"6":{"start":{"line":22,"column":12},"end":{"line":22,"column":45}},"7":{"start":{"line":24,"column":8},"end":{"line":26,"column":9}},"8":{"start":{"line":25,"column":12},"end":{"line":25,"column":45}},"9":{"start":{"line":29,"column":12},"end":{"line":37,"column":15}},"10":{"start":{"line":31,"column":78},"end":{"line":31,"column":107}},"11":{"start":{"line":33,"column":76},"end":{"line":33,"column":105}},"12":{"start":{"line":40,"column":8},"end":{"line":65,"column":10}},"13":{"start":{"line":48,"column":28},"end":{"line":48,"column":57}},"14":{"start":{"line":54,"column":24},"end":{"line":58,"column":29}},"15":{"start":{"line":56,"column":32},"end":{"line":56,"column":73}}},"fnMap":{"0":{"name":"(anonymous_0)","decl":{"start":{"line":6,"column":4},"end":{"line":6,"column":5}},"loc":{"start":{"line":6,"column":23},"end":{"line":13,"column":5}},"line":6},"1":{"name":"(anonymous_1)","decl":{"start":{"line":15,"column":4},"end":{"line":15,"column":5}},"loc":{"start":{"line":15,"column":13},"end":{"line":66,"column":5}},"line":15},"2":{"name":"(anonymous_2)","decl":{"start":{"line":31,"column":72},"end":{"line":31,"column":73}},"loc":{"start":{"line":31,"column":78},"end":{"line":31,"column":107}},"line":31},"3":{"name":"(anonymous_3)","decl":{"start":{"line":33,"column":70},"end":{"line":33,"column":71}},"loc":{"start":{"line":33,"column":76},"end":{"line":33,"column":105}},"line":33},"4":{"name":"(anonymous_4)","decl":{"start":{"line":47,"column":37},"end":{"line":47,"column":38}},"loc":{"start":{"line":48,"column":28},"end":{"line":48,"column":57}},"line":48},"5":{"name":"(anonymous_5)","decl":{"start":{"line":53,"column":30},"end":{"line":53,"column":31}},"loc":{"start":{"line":54,"column":24},"end":{"line":58,"column":29}},"line":54},"6":{"name":"(anonymous_6)","decl":{"start":{"line":55,"column":37},"end":{"line":55,"column":38}},"loc":{"start":{"line":56,"column":32},"end":{"line":56,"column":73}},"line":56}},"branchMap":{"0":{"loc":{"start":{"line":21,"column":8},"end":{"line":23,"column":9}},"type":"if","locations":[{"start":{"line":21,"column":8},"end":{"line":23,"column":9}},{"start":{"line":21,"column":8},"end":{"line":23,"column":9}}],"line":21},"1":{"loc":{"start":{"line":24,"column":8},"end":{"line":26,"column":9}},"type":"if","locations":[{"start":{"line":24,"column":8},"end":{"line":26,"column":9}},{"start":{"line":24,"column":8},"end":{"line":26,"column":9}}],"line":24}},"s":{"0":0,"1":0,"2":0,"3":0,"4":0,"5":0,"6":0,"7":0,"8":0,"9":0,"10":0,"11":0,"12":0,"13":0,"14":0,"15":0},"f":{"0":0,"1":0,"2":0,"3":0,"4":0,"5":0,"6":0},"b":{"0":[0,0],"1":[0,0]},"_coverageSchema":"43e27e138ebf9cfc5966b082cf9a028302ed4184","hash":"3b27633504b09bd3f0e828fa64a8052712bc59b7"}
,"/home/lasellers/dev/CSVUploader/src/redux/store.js": {"path":"/home/lasellers/dev/CSVUploader/src/redux/store.js","statementMap":{},"fnMap":{},"branchMap":{"0":{"loc":{"start":{"line":6,"column":4},"end":{"line":6,"column":80}},"type":"binary-expr","locations":[{"start":{"line":6,"column":4},"end":{"line":6,"column":39}},{"start":{"line":6,"column":43},"end":{"line":6,"column":80}}],"line":6}},"s":{},"f":{},"b":{"0":[1,0]},"_coverageSchema":"43e27e138ebf9cfc5966b082cf9a028302ed4184","hash":"611d68494d9a707d16b80bcaa8f0431c5d426757"}
,"/home/lasellers/dev/CSVUploader/src/redux/reducers/csv.js": {"path":"/home/lasellers/dev/CSVUploader/src/redux/reducers/csv.js","statementMap":{"0":{"start":{"line":1,"column":21},"end":{"line":13,"column":1}},"1":{"start":{"line":16,"column":4},"end":{"line":54,"column":5}},"2":{"start":{"line":18,"column":33},"end":{"line":18,"column":47}},"3":{"start":{"line":19,"column":12},"end":{"line":22,"column":14}},"4":{"start":{"line":25,"column":31},"end":{"line":25,"column":45}},"5":{"start":{"line":26,"column":12},"end":{"line":29,"column":14}},"6":{"start":{"line":32,"column":36},"end":{"line":32,"column":50}},"7":{"start":{"line":33,"column":12},"end":{"line":36,"column":14}},"8":{"start":{"line":39,"column":40},"end":{"line":39,"column":54}},"9":{"start":{"line":40,"column":12},"end":{"line":43,"column":14}},"10":{"start":{"line":46,"column":37},"end":{"line":46,"column":51}},"11":{"start":{"line":47,"column":12},"end":{"line":50,"column":14}},"12":{"start":{"line":53,"column":12},"end":{"line":53,"column":25}}},"fnMap":{"0":{"name":"(anonymous_0)","decl":{"start":{"line":15,"column":15},"end":{"line":15,"column":16}},"loc":{"start":{"line":15,"column":55},"end":{"line":55,"column":1}},"line":15}},"branchMap":{"0":{"loc":{"start":{"line":15,"column":25},"end":{"line":15,"column":45}},"type":"default-arg","locations":[{"start":{"line":15,"column":33},"end":{"line":15,"column":45}}],"line":15},"1":{"loc":{"start":{"line":16,"column":4},"end":{"line":54,"column":5}},"type":"switch","locations":[{"start":{"line":17,"column":8},"end":{"line":23,"column":9}},{"start":{"line":24,"column":8},"end":{"line":30,"column":9}},{"start":{"line":31,"column":8},"end":{"line":37,"column":9}},{"start":{"line":38,"column":8},"end":{"line":44,"column":9}},{"start":{"line":45,"column":8},"end":{"line":51,"column":9}},{"start":{"line":52,"column":8},"end":{"line":53,"column":25}}],"line":16}},"s":{"0":1,"1":3,"2":0,"3":0,"4":0,"5":0,"6":0,"7":0,"8":0,"9":0,"10":0,"11":0,"12":3},"f":{"0":3},"b":{"0":[3],"1":[0,0,0,0,0,3]},"_coverageSchema":"43e27e138ebf9cfc5966b082cf9a028302ed4184","hash":"907ba865e8d2f8e027507f99294f5ef477ab25e8"}
,"/home/lasellers/dev/CSVUploader/src/redux/reducers/index.js": {"path":"/home/lasellers/dev/CSVUploader/src/redux/reducers/index.js","statementMap":{},"fnMap":{},"branchMap":{},"s":{},"f":{},"b":{},"_coverageSchema":"43e27e138ebf9cfc5966b082cf9a028302ed4184","hash":"aadfa42b896559fa93a6fa9278096915ae6d7776"}
}
