TN:
SF:/home/lasellers/dev/CSVUploader/src/pages/NotFoundPage.js
FN:3,(anonymous_0)
FNF:1
FNH:0
FNDA:0,(anonymous_0)
DA:3,1
DA:4,0
LF:2
LH:1
BRF:0
BRH:0
end_of_record
TN:
SF:/home/lasellers/dev/CSVUploader/src/pages/RemappingPreviewPage.js
FN:6,(anonymous_0)
FN:15,(anonymous_1)
FN:31,(anonymous_2)
FN:33,(anonymous_3)
FN:47,(anonymous_4)
FN:53,(anonymous_5)
FN:55,(anonymous_6)
FNF:7
FNH:0
FNDA:0,(anonymous_0)
FNDA:0,(anonymous_1)
FNDA:0,(anonymous_2)
FNDA:0,(anonymous_3)
FNDA:0,(anonymous_4)
FNDA:0,(anonymous_5)
FNDA:0,(anonymous_6)
DA:7,0
DA:8,0
DA:16,0
DA:18,0
DA:19,0
DA:21,0
DA:22,0
DA:24,0
DA:25,0
DA:29,0
DA:31,0
DA:33,0
DA:40,0
DA:48,0
DA:54,0
DA:56,0
LF:16
LH:0
BRDA:21,0,0,0
BRDA:21,0,1,0
BRDA:24,1,0,0
BRDA:24,1,1,0
BRF:4
BRH:0
end_of_record
TN:
SF:/home/lasellers/dev/CSVUploader/src/redux/store.js
FNF:0
FNH:0
LF:0
LH:0
BRDA:6,0,0,1
BRDA:6,0,1,0
BRF:2
BRH:1
end_of_record
TN:
SF:/home/lasellers/dev/CSVUploader/src/redux/reducers/csv.js
FN:15,(anonymous_0)
FNF:1
FNH:1
FNDA:3,(anonymous_0)
DA:1,1
DA:16,3
DA:18,0
DA:19,0
DA:25,0
DA:26,0
DA:32,0
DA:33,0
DA:39,0
DA:40,0
DA:46,0
DA:47,0
DA:53,3
LF:13
LH:3
BRDA:15,0,0,3
BRDA:16,1,0,0
BRDA:16,1,1,0
BRDA:16,1,2,0
BRDA:16,1,3,0
BRDA:16,1,4,0
BRDA:16,1,5,3
BRF:7
BRH:2
end_of_record
TN:
SF:/home/lasellers/dev/CSVUploader/src/redux/reducers/index.js
FNF:0
FNH:0
LF:0
LH:0
BRF:0
BRH:0
end_of_record
